Z:\HOSPITAL\HOSPITAL\DEBUG\HOSPITAL.PCH
Z:\HOSPITAL\HOSPITAL\DEBUG\STDAFX.OBJ
Z:\HOSPITAL\HOSPITAL\DEBUG\VC110.PDB
Z:\HOSPITAL\HOSPITAL\DEBUG\FEMALEIN.OBJ
Z:\HOSPITAL\HOSPITAL\DEBUG\FEMALEOUT.OBJ
Z:\HOSPITAL\HOSPITAL\DEBUG\HOSPITAL.OBJ
Z:\HOSPITAL\HOSPITAL\DEBUG\MAIN.OBJ
Z:\HOSPITAL\HOSPITAL\DEBUG\MALEIN.OBJ
Z:\HOSPITAL\HOSPITAL\DEBUG\MALEOUT.OBJ
Z:\HOSPITAL\DEBUG\HOSPITAL.ILK
Z:\HOSPITAL\DEBUG\HOSPITAL.PDB
Z:\Hospital\Hospital\Debug\MaleIn.obj
Z:\Hospital\Hospital\Debug\Main.obj
Z:\Hospital\Hospital\Debug\Hospital.obj
Z:\Hospital\Hospital\Debug\FemaleOut.obj
Z:\Hospital\Hospital\Debug\MaleOut.obj
Z:\Hospital\Hospital\Debug\stdafx.obj
Z:\Hospital\Hospital\Debug\FemaleIn.obj
Z:\Hospital\Hospital\Debug\CL.write.1.tlog
Z:\Hospital\Hospital\Debug\cl.command.1.tlog
Z:\Hospital\Hospital\Debug\link-rc.read.1.tlog
Z:\Hospital\Hospital\Debug\link-rc.write.1.tlog
Z:\Hospital\Hospital\Debug\link-cvtres.read.1.tlog
Z:\Hospital\Hospital\Debug\link-cvtres.write.1.tlog
Z:\Hospital\Hospital\Debug\link.write.1.tlog
Z:\Hospital\Hospital\Debug\link.command.1.tlog
Z:\Hospital\Hospital\Debug\link.5324-rc.read.1.tlog
Z:\Hospital\Hospital\Debug\link.5324-rc.write.1.tlog
Z:\Hospital\Hospital\Debug\link.5324-cvtres.read.1.tlog
Z:\Hospital\Hospital\Debug\link.5324-cvtres.write.1.tlog
Z:\Hospital\Hospital\Debug\link.5324.read.1.tlog
Z:\Hospital\Hospital\Debug\link.5324.write.1.tlog
Z:\Hospital\Hospital\Debug\link.5188-rc.read.1.tlog
Z:\Hospital\Hospital\Debug\link.5188-rc.write.1.tlog
Z:\Hospital\Hospital\Debug\link.5188-cvtres.read.1.tlog
Z:\Hospital\Hospital\Debug\link.5188-cvtres.write.1.tlog
Z:\Hospital\Hospital\Debug\link.5188.read.1.tlog
Z:\Hospital\Hospital\Debug\link.5188.write.1.tlog
Z:\Hospital\Hospital\Debug\link.4748-rc.read.1.tlog
Z:\Hospital\Hospital\Debug\link.4748-rc.write.1.tlog
Z:\Hospital\Hospital\Debug\link.4748-cvtres.read.1.tlog
Z:\Hospital\Hospital\Debug\link.4748-cvtres.write.1.tlog
Z:\Hospital\Hospital\Debug\link.4748.read.1.tlog
Z:\Hospital\Hospital\Debug\link.4748.write.1.tlog
Z:\Hospital\Hospital\Debug\link.416-rc.read.1.tlog
Z:\Hospital\Hospital\Debug\link.416-rc.write.1.tlog
Z:\Hospital\Hospital\Debug\link.416-cvtres.read.1.tlog
Z:\Hospital\Hospital\Debug\link.416-cvtres.write.1.tlog
Z:\Hospital\Hospital\Debug\link.416.read.1.tlog
Z:\Hospital\Hospital\Debug\link.416.write.1.tlog
Z:\Hospital\Hospital\Debug\link.1200-rc.read.1.tlog
Z:\Hospital\Hospital\Debug\link.1200-rc.write.1.tlog
Z:\Hospital\Hospital\Debug\link.1200-cvtres.read.1.tlog
Z:\Hospital\Hospital\Debug\link.1200-cvtres.write.1.tlog
Z:\Hospital\Hospital\Debug\link.1200.read.1.tlog
Z:\Hospital\Hospital\Debug\link.1200.write.1.tlog
Z:\Hospital\Hospital\Debug\CL.read.1.tlog
Z:\Hospital\Hospital\Debug\link.read.1.tlog
Z:\Hospital\Hospital\Debug\link.5768-rc.read.1.tlog
Z:\Hospital\Hospital\Debug\link.5768-rc.write.1.tlog
Z:\Hospital\Hospital\Debug\link.5768-cvtres.read.1.tlog
Z:\Hospital\Hospital\Debug\link.5768-cvtres.write.1.tlog
Z:\Hospital\Hospital\Debug\link.5768.read.1.tlog
Z:\Hospital\Hospital\Debug\link.5768.write.1.tlog
Z:\Hospital\Hospital\Debug\Hospital.pch
Z:\Hospital\Hospital\Debug\vc110.idb
Z:\Hospital\Hospital\Debug\vc110.pdb
Z:\Hospital\Debug\Hospital.pdb
Z:\Hospital\Debug\Hospital.exe
Z:\Hospital\Debug\Hospital.ilk
