Build started 4/18/2015 6:26:10 PM.
     1>Project "Z:\Hospital\Hospital\Hospital.vcxproj" on node 2 (Build target(s)).
     1>ClCompile:
         C:\Program Files (x86)\Microsoft Visual Studio 11.0\VC\bin\CL.exe /c /ZI /nologo /W3 /WX- /sdl /Od /Oy- /D WIN32 /D _DEBUG /D _CONSOLE /D _UNICODE /D UNICODE /Gm /EHsc /RTC1 /MDd /GS /fp:precise /Zc:wchar_t /Zc:forScope /Yu"stdafx.h" /Fp"Debug\Hospital.pch" /Fo"Debug\\" /Fd"Debug\vc110.pdb" /Gd /TP /analyze- /errorReport:prompt FemaleIn.cpp FemaleOut.cpp MaleIn.cpp MaleOut.cpp
         MaleOut.cpp
         MaleIn.cpp
         FemaleOut.cpp
         FemaleIn.cpp
         Generating Code...
       Link:
         C:\Program Files (x86)\Microsoft Visual Studio 11.0\VC\bin\link.exe /ERRORREPORT:PROMPT /OUT:"Z:\Hospital\Debug\Hospital.exe" /INCREMENTAL /NOLOGO kernel32.lib user32.lib gdi32.lib winspool.lib comdlg32.lib advapi32.lib shell32.lib ole32.lib oleaut32.lib uuid.lib odbc32.lib odbccp32.lib /MANIFEST /MANIFESTUAC:"level='asInvoker' uiAccess='false'" /manifest:embed /DEBUG /PDB:"Z:\Hospital\Debug\Hospital.pdb" /SUBSYSTEM:CONSOLE /TLBID:1 /DYNAMICBASE /NXCOMPAT /IMPLIB:"Z:\Hospital\Debug\Hospital.lib" /MACHINE:X86 Debug\FemaleIn.obj
         Debug\FemaleOut.obj
         Debug\Hospital.obj
         Debug\Main.obj
         Debug\MaleIn.obj
         Debug\MaleOut.obj
         Debug\stdafx.obj
         Hospital.vcxproj -> Z:\Hospital\Debug\Hospital.exe
     1>Done Building Project "Z:\Hospital\Hospital\Hospital.vcxproj" (Build target(s)).

Build succeeded.

Time Elapsed 00:00:05.56
